<?xml version="1.0" encoding="UTF-8"?>
<testsuite name="org.example.backend.BackendApplicationTests" tests="1" skipped="0" failures="0" errors="0" timestamp="2024-06-23T12:31:31" hostname="gimsojeong-ui-MacBookAir.local" time="0.317">
  <properties/>
  <testcase name="contextLoads()" classname="org.example.backend.BackendApplicationTests" time="0.317"/>
  <system-out><![CDATA[21:31:28.923 [Test worker] INFO org.springframework.test.context.support.AnnotationConfigContextLoaderUtils -- Could not detect default configuration classes for test class [org.example.backend.BackendApplicationTests]: BackendApplicationTests does not declare any static, non-private, non-final, nested classes annotated with @Configuration.
21:31:28.978 [Test worker] INFO org.springframework.boot.test.context.SpringBootTestContextBootstrapper -- Found @SpringBootConfiguration org.example.backend.BackendApplication for test class org.example.backend.BackendApplicationTests
  .   ____          _            __ _ _
 /\\ / ___'_ __ _ _(_)_ __  __ _ \ \ \ \
( ( )\___ | '_ | '_| | '_ \/ _` | \ \ \ \
 \\/  ___)| |_)| | | | | || (_| |  ) ) ) )
  '  |____| .__|_| |_|_| |_\__, | / / / /
 =========|_|==============|___/=/_/_/_/

 :: Spring Boot ::                (v3.3.0)

2024-06-23T21:31:29.178+09:00  INFO 7880 --- [backend] [    Test worker] o.e.backend.BackendApplicationTests      : Starting BackendApplicationTests using Java 17.0.11 with PID 7880 (started by kimsojeong in /Users/kimsojeong/Desktop/backendTesting)
2024-06-23T21:31:29.178+09:00 DEBUG 7880 --- [backend] [    Test worker] o.e.backend.BackendApplicationTests      : Running with Spring Boot v3.3.0, Spring v6.1.8
2024-06-23T21:31:29.179+09:00  INFO 7880 --- [backend] [    Test worker] o.e.backend.BackendApplicationTests      : No active profile set, falling back to 1 default profile: "default"
2024-06-23T21:31:29.565+09:00  INFO 7880 --- [backend] [    Test worker] .s.d.r.c.RepositoryConfigurationDelegate : Bootstrapping Spring Data JPA repositories in DEFAULT mode.
2024-06-23T21:31:29.597+09:00  INFO 7880 --- [backend] [    Test worker] .s.d.r.c.RepositoryConfigurationDelegate : Finished Spring Data repository scanning in 28 ms. Found 3 JPA repository interfaces.
2024-06-23T21:31:29.873+09:00  INFO 7880 --- [backend] [    Test worker] o.hibernate.jpa.internal.util.LogHelper  : HHH000204: Processing PersistenceUnitInfo [name: default]
2024-06-23T21:31:29.902+09:00  INFO 7880 --- [backend] [    Test worker] org.hibernate.Version                    : HHH000412: Hibernate ORM core version 6.1.7.Final
2024-06-23T21:31:30.030+09:00  INFO 7880 --- [backend] [    Test worker] com.zaxxer.hikari.HikariDataSource       : HikariPool-1 - Starting...
2024-06-23T21:31:30.217+09:00  INFO 7880 --- [backend] [    Test worker] com.zaxxer.hikari.pool.HikariPool        : HikariPool-1 - Added connection com.mysql.cj.jdbc.ConnectionImpl@7573c7b5
2024-06-23T21:31:30.219+09:00  INFO 7880 --- [backend] [    Test worker] com.zaxxer.hikari.HikariDataSource       : HikariPool-1 - Start completed.
2024-06-23T21:31:30.250+09:00  INFO 7880 --- [backend] [    Test worker] SQL dialect                              : HHH000400: Using dialect: org.hibernate.dialect.MySQLDialect
2024-06-23T21:31:30.885+09:00  INFO 7880 --- [backend] [    Test worker] o.h.e.t.j.p.i.JtaPlatformInitiator       : HHH000490: Using JtaPlatform implementation: [org.hibernate.engine.transaction.jta.platform.internal.NoJtaPlatform]
2024-06-23T21:31:30.890+09:00  INFO 7880 --- [backend] [    Test worker] j.LocalContainerEntityManagerFactoryBean : Initialized JPA EntityManagerFactory for persistence unit 'default'
2024-06-23T21:31:31.037+09:00  INFO 7880 --- [backend] [    Test worker] o.s.d.j.r.query.QueryEnhancerFactory     : Hibernate is in classpath; If applicable, HQL parser will be used.
2024-06-23T21:31:31.420+09:00  INFO 7880 --- [backend] [    Test worker] r$InitializeUserDetailsManagerConfigurer : Global AuthenticationManager configured with UserDetailsService bean with name customUserDetailsService
2024-06-23T21:31:31.475+09:00  WARN 7880 --- [backend] [    Test worker] JpaBaseConfiguration$JpaWebConfiguration : spring.jpa.open-in-view is enabled by default. Therefore, database queries may be performed during view rendering. Explicitly configure spring.jpa.open-in-view to disable this warning
2024-06-23T21:31:31.627+09:00  INFO 7880 --- [backend] [    Test worker] o.s.s.web.DefaultSecurityFilterChain     : Will secure any request with [org.springframework.security.web.session.DisableEncodeUrlFilter@7b6824db, org.springframework.security.web.context.request.async.WebAsyncManagerIntegrationFilter@509d0d21, org.springframework.security.web.context.SecurityContextHolderFilter@248e31a1, org.springframework.security.web.header.HeaderWriterFilter@64f3f849, org.springframework.web.filter.CorsFilter@5a6dd1e7, org.springframework.security.web.authentication.logout.LogoutFilter@23e95661, org.example.backend.user.filter.JWTFilter@4fd9deed, org.springframework.security.web.savedrequest.RequestCacheAwareFilter@1b1d2d7b, org.springframework.security.web.servletapi.SecurityContextHolderAwareRequestFilter@549fc0b3, org.springframework.security.web.authentication.AnonymousAuthenticationFilter@75ad7531, org.springframework.security.web.session.SessionManagementFilter@71586f, org.springframework.security.web.access.ExceptionTranslationFilter@491d36ef, org.springframework.security.web.access.intercept.AuthorizationFilter@635900ef]
2024-06-23T21:31:31.810+09:00  INFO 7880 --- [backend] [    Test worker] o.s.m.s.b.SimpleBrokerMessageHandler     : Starting...
2024-06-23T21:31:31.811+09:00  INFO 7880 --- [backend] [    Test worker] o.s.m.s.b.SimpleBrokerMessageHandler     : BrokerAvailabilityEvent[available=true, SimpleBrokerMessageHandler [org.springframework.messaging.simp.broker.DefaultSubscriptionRegistry@55e073c8]]
2024-06-23T21:31:31.811+09:00  INFO 7880 --- [backend] [    Test worker] o.s.m.s.b.SimpleBrokerMessageHandler     : Started.
2024-06-23T21:31:31.824+09:00  INFO 7880 --- [backend] [    Test worker] o.e.backend.BackendApplicationTests      : Started BackendApplicationTests in 2.765 seconds (process running for 3.383)
]]></system-out>
  <system-err><![CDATA[ANTLR Tool version 4.10.1 used for code generation does not match the current runtime version 4.13.0
ANTLR Runtime version 4.10.1 used for parser compilation does not match the current runtime version 4.13.0
ANTLR Tool version 4.10.1 used for code generation does not match the current runtime version 4.13.0
ANTLR Runtime version 4.10.1 used for parser compilation does not match the current runtime version 4.13.0
]]></system-err>
</testsuite>
